# JRE version: Java(TM) SE Runtime Environment (8.0_121-b13) (build 1.8.0_121-b13)
# Java VM: Java HotSpot(TM) 64-Bit Server VM (25.121-b13 mixed mode bsd-amd64 compressed oops)
Heap:
 PSYoungGen      total 25088K, used 6344K [0x000000076ab00000, 0x000000077b600000, 0x00000007c0000000)
  eden space 24576K, 25% used [0x000000076ab00000,0x000000076b132348,0x000000076c300000)
  from space 512K, 0% used [0x000000077b500000,0x000000077b500000,0x000000077b580000)
  to   space 512K, 0% used [0x000000077b580000,0x000000077b580000,0x000000077b600000)
 ParOldGen       total 44544K, used 3086K [0x00000006c0000000, 0x00000006c2b80000, 0x000000076ab00000)
  object space 44544K, 6% used [0x00000006c0000000,0x00000006c0303938,0x00000006c2b80000)
 Metaspace       used 11321K, capacity 11512K, committed 11776K, reserved 1058816K
  class space    used 1325K, capacity 1407K, committed 1536K, reserved 1048576K
GC Heap History (10 events):
Event: 62735.869 GC heap before
{Heap before GC invocations=307482 (full 43686):
 PSYoungGen      total 25088K, used 24731K [0x000000076ab00000, 0x000000077b600000, 0x00000007c0000000)
  eden space 24576K, 99% used [0x000000076ab00000,0x000000076c2fee10,0x000000076c300000)
  from space 512K, 31% used [0x000000077b500000,0x000000077b528000,0x000000077b580000)
  to   space 512K, 0% used [0x000000077b580000,0x000000077b580000,0x000000077b600000)
 ParOldGen       total 53760K, used 41622K [0x00000006c0000000, 0x00000006c3480000, 0x000000076ab00000)
  object space 53760K, 77% used [0x00000006c0000000,0x00000006c28a5848,0x00000006c3480000)
 Metaspace       used 11312K, capacity 11512K, committed 11776K, reserved 1058816K
  class space    used 1325K, capacity 1407K, committed 1536K, reserved 1048576K
Event: 62735.869 GC heap after
Heap after GC invocations=307482 (full 43686):
 PSYoungGen      total 25088K, used 192K [0x000000076ab00000, 0x000000077b600000, 0x00000007c0000000)
  eden space 24576K, 0% used [0x000000076ab00000,0x000000076ab00000,0x000000076c300000)
  from space 512K, 37% used [0x000000077b580000,0x000000077b5b0000,0x000000077b600000)
  to   space 512K, 0% used [0x000000077b500000,0x000000077b500000,0x000000077b580000)
 ParOldGen       total 53760K, used 41622K [0x00000006c0000000, 0x00000006c3480000, 0x000000076ab00000)
  object space 53760K, 77% used [0x00000006c0000000,0x00000006c28a5848,0x00000006c3480000)
 Metaspace       used 11312K, capacity 11512K, committed 11776K, reserved 1058816K
  class space    used 1325K, capacity 1407K, committed 1536K, reserved 1048576K
}
Event: 62736.287 GC heap before
{Heap before GC invocations=307483 (full 43686):
 PSYoungGen      total 25088K, used 24679K [0x000000076ab00000, 0x000000077b600000, 0x00000007c0000000)
  eden space 24576K, 99% used [0x000000076ab00000,0x000000076c2e9e58,0x000000076c300000)
  from space 512K, 37% used [0x000000077b580000,0x000000077b5b0000,0x000000077b600000)
  to   space 512K, 0% used [0x000000077b500000,0x000000077b500000,0x000000077b580000)
 ParOldGen       total 53760K, used 41622K [0x00000006c0000000, 0x00000006c3480000, 0x000000076ab00000)
  object space 53760K, 77% used [0x00000006c0000000,0x00000006c28a5848,0x00000006c3480000)
 Metaspace       used 11312K, capacity 11512K, committed 11776K, reserved 1058816K
  class space    used 1325K, capacity 1407K, committed 1536K, reserved 1048576K
Event: 62736.288 GC heap after
Heap after GC invocations=307483 (full 43686):
 PSYoungGen      total 25088K, used 128K [0x000000076ab00000, 0x000000077b600000, 0x00000007c0000000)
  eden space 24576K, 0% used [0x000000076ab00000,0x000000076ab00000,0x000000076c300000)
  from space 512K, 25% used [0x000000077b500000,0x000000077b520000,0x000000077b580000)
  to   space 512K, 0% used [0x000000077b580000,0x000000077b580000,0x000000077b600000)
 ParOldGen       total 53760K, used 41622K [0x00000006c0000000, 0x00000006c3480000, 0x000000076ab00000)
  object space 53760K, 77% used [0x00000006c0000000,0x00000006c28a5848,0x00000006c3480000)
 Metaspace       used 11312K, capacity 11512K, committed 11776K, reserved 1058816K
  class space    used 1325K, capacity 1407K, committed 1536K, reserved 1048576K
}
Event: 62736.500 GC heap before
{Heap before GC invocations=307484 (full 43686):
 PSYoungGen      total 25088K, used 21327K [0x000000076ab00000, 0x000000077b600000, 0x00000007c0000000)
  eden space 24576K, 86% used [0x000000076ab00000,0x000000076bfb3e58,0x000000076c300000)
  from space 512K, 25% used [0x000000077b500000,0x000000077b520000,0x000000077b580000)
  to   space 512K, 0% used [0x000000077b580000,0x000000077b580000,0x000000077b600000)
 ParOldGen       total 53760K, used 41622K [0x00000006c0000000, 0x00000006c3480000, 0x000000076ab00000)
  object space 53760K, 77% used [0x00000006c0000000,0x00000006c28a5848,0x00000006c3480000)
 Metaspace       used 11317K, capacity 11512K, committed 11776K, reserved 1058816K
  class space    used 1325K, capacity 1407K, committed 1536K, reserved 1048576K
Event: 62736.505 GC heap after
Heap after GC invocations=307484 (full 43686):
 PSYoungGen      total 25088K, used 256K [0x000000076ab00000, 0x000000077b600000, 0x00000007c0000000)
  eden space 24576K, 0% used [0x000000076ab00000,0x000000076ab00000,0x000000076c300000)
  from space 512K, 50% used [0x000000077b580000,0x000000077b5c0000,0x000000077b600000)
  to   space 512K, 0% used [0x000000077b500000,0x000000077b500000,0x000000077b580000)
 ParOldGen       total 53760K, used 47528K [0x00000006c0000000, 0x00000006c3480000, 0x000000076ab00000)
  object space 53760K, 88% used [0x00000006c0000000,0x00000006c2e6a208,0x00000006c3480000)
 Metaspace       used 11317K, capacity 11512K, committed 11776K, reserved 1058816K
  class space    used 1325K, capacity 1407K, committed 1536K, reserved 1048576K
}
Event: 62736.800 GC heap before
{Heap before GC invocations=307485 (full 43686):
 PSYoungGen      total 25088K, used 24747K [0x000000076ab00000, 0x000000077b600000, 0x00000007c0000000)
  eden space 24576K, 99% used [0x000000076ab00000,0x000000076c2eada0,0x000000076c300000)
  from space 512K, 50% used [0x000000077b580000,0x000000077b5c0000,0x000000077b600000)
  to   space 512K, 0% used [0x000000077b500000,0x000000077b500000,0x000000077b580000)
 ParOldGen       total 53760K, used 48505K [0x00000006c0000000, 0x00000006c3480000, 0x000000076ab00000)
  object space 53760K, 90% used [0x00000006c0000000,0x00000006c2f5e458,0x00000006c3480000)
 Metaspace       used 11321K, capacity 11512K, committed 11776K, reserved 1058816K
  class space    used 1325K, capacity 1407K, committed 1536K, reserved 1048576K
Event: 62736.803 GC heap after
Heap after GC invocations=307485 (full 43686):
 PSYoungGen      total 25088K, used 288K [0x000000076ab00000, 0x000000077b600000, 0x00000007c0000000)
  eden space 24576K, 0% used [0x000000076ab00000,0x000000076ab00000,0x000000076c300000)
  from space 512K, 56% used [0x000000077b500000,0x000000077b548000,0x000000077b580000)
  to   space 512K, 0% used [0x000000077b580000,0x000000077b580000,0x000000077b600000)
 ParOldGen       total 53760K, used 48505K [0x00000006c0000000, 0x00000006c3480000, 0x000000076ab00000)
  object space 53760K, 90% used [0x00000006c0000000,0x00000006c2f5e458,0x00000006c3480000)
 Metaspace       used 11321K, capacity 11512K, committed 11776K, reserved 1058816K
  class space    used 1325K, capacity 1407K, committed 1536K, reserved 1048576K
}
Event: 62737.076 GC heap before
{Heap before GC invocations=307486 (full 43687):
 PSYoungGen      total 25088K, used 24864K [0x000000076ab00000, 0x000000077b600000, 0x00000007c0000000)
  eden space 24576K, 100% used [0x000000076ab00000,0x000000076c300000,0x000000076c300000)
  from space 512K, 56% used [0x000000077b500000,0x000000077b548000,0x000000077b580000)
  to   space 512K, 0% used [0x000000077b580000,0x000000077b580000,0x000000077b600000)
 ParOldGen       total 68096K, used 67151K [0x00000006c0000000, 0x00000006c4280000, 0x000000076ab00000)
  object space 68096K, 98% used [0x00000006c0000000,0x00000006c4193f08,0x00000006c4280000)
 Metaspace       used 11321K, capacity 11512K, committed 11776K, reserved 1058816K
  class space    used 1325K, capacity 1407K, committed 1536K, reserved 1048576K
Event: 62737.109 GC heap after
Heap after GC invocations=307486 (full 43687):
 PSYoungGen      total 25088K, used 0K [0x000000076ab00000, 0x000000077b600000, 0x00000007c0000000)
  eden space 24576K, 0% used [0x000000076ab00000,0x000000076ab00000,0x000000076c300000)
  from space 512K, 0% used [0x000000077b500000,0x000000077b500000,0x000000077b580000)
  to   space 512K, 0% used [0x000000077b580000,0x000000077b580000,0x000000077b600000)
 ParOldGen       total 44544K, used 3086K [0x00000006c0000000, 0x00000006c2b80000, 0x000000076ab00000)
  object space 44544K, 6% used [0x00000006c0000000,0x00000006c0303938,0x00000006c2b80000)
 Metaspace       used 11321K, capacity 11512K, committed 11776K, reserved 1058816K
  class space    used 1325K, capacity 1407K, committed 1536K, reserved 1048576K
}

