# JRE version: Java(TM) SE Runtime Environment (7.0_60-b19) (build 1.7.0_60-b19)
# Java VM: Java HotSpot(TM) 64-Bit Server VM (24.60-b09 mixed mode linux-amd64 compressed oops)
Heap
 PSYoungGen      total 126464K, used 23943K [0x00000007ae600000, 0x00000007b7380000, 0x0000000800000000)
  eden space 116224K, 20% used [0x00000007ae600000,0x00000007afd61cc8,0x00000007b5780000)
  from space 10240K, 0% used [0x00000007b5880000,0x00000007b5880000,0x00000007b6280000)
  to   space 14336K, 0% used [0x00000007b6580000,0x00000007b6580000,0x00000007b7380000)
 ParOldGen       total 2674688K, used 2426124K [0x000000070b200000, 0x00000007ae600000, 0x00000007ae600000)
  object space 2674688K, 90% used [0x000000070b200000,0x000000079f343058,0x00000007ae600000)
 PSPermGen       total 30208K, used 14580K [0x0000000706000000, 0x0000000707d80000, 0x000000070b200000)
  object space 30208K, 48% used [0x0000000706000000,0x0000000706e3d170,0x0000000707d80000)
GC Heap History (10 events):
Event: 24.281 GC heap before
{Heap before GC invocations=5 (full 2):
 PSYoungGen      total 73728K, used 0K [0x00000007ae600000, 0x00000007b7600000, 0x0000000800000000)
  eden space 63488K, 0% used [0x00000007ae600000,0x00000007ae600000,0x00000007b2400000)
  from space 10240K, 0% used [0x00000007b2400000,0x00000007b2400000,0x00000007b2e00000)
  to   space 10240K, 0% used [0x00000007b6c00000,0x00000007b6c00000,0x00000007b7600000)
 ParOldGen       total 2674688K, used 7867K [0x000000070b200000, 0x00000007ae600000, 0x00000007ae600000)
  object space 2674688K, 0% used [0x000000070b200000,0x000000070b9aefc8,0x00000007ae600000)
 PSPermGen       total 29184K, used 14573K [0x0000000706000000, 0x0000000707c80000, 0x000000070b200000)
  object space 29184K, 49% used [0x0000000706000000,0x0000000706e3b420,0x0000000707c80000)
Event: 24.317 GC heap after
Heap after GC invocations=5 (full 2):
 PSYoungGen      total 73728K, used 0K [0x00000007ae600000, 0x00000007b7600000, 0x0000000800000000)
  eden space 63488K, 0% used [0x00000007ae600000,0x00000007ae600000,0x00000007b2400000)
  from space 10240K, 0% used [0x00000007b2400000,0x00000007b2400000,0x00000007b2e00000)
  to   space 10240K, 0% used [0x00000007b6c00000,0x00000007b6c00000,0x00000007b7600000)
 ParOldGen       total 109568K, used 6956K [0x000000070b200000, 0x0000000711d00000, 0x00000007ae600000)
  object space 109568K, 6% used [0x000000070b200000,0x000000070b8cb388,0x0000000711d00000)
 PSPermGen       total 33280K, used 14570K [0x0000000706000000, 0x0000000708080000, 0x000000070b200000)
  object space 33280K, 43% used [0x0000000706000000,0x0000000706e3a870,0x0000000708080000)
}
Event: 25.080 GC heap before
{Heap before GC invocations=6 (full 2):
 PSYoungGen      total 73728K, used 49225K [0x00000007ae600000, 0x00000007b7600000, 0x0000000800000000)
  eden space 63488K, 77% used [0x00000007ae600000,0x00000007b1612760,0x00000007b2400000)
  from space 10240K, 0% used [0x00000007b2400000,0x00000007b2400000,0x00000007b2e00000)
  to   space 10240K, 0% used [0x00000007b6c00000,0x00000007b6c00000,0x00000007b7600000)
 ParOldGen       total 2674688K, used 2317127K [0x000000070b200000, 0x00000007ae600000, 0x00000007ae600000)
  object space 2674688K, 86% used [0x000000070b200000,0x00000007988d1ed8,0x00000007ae600000)
 PSPermGen       total 33280K, used 14579K [0x0000000706000000, 0x0000000708080000, 0x000000070b200000)
  object space 33280K, 43% used [0x0000000706000000,0x0000000706e3cfa0,0x0000000708080000)
Event: 25.100 GC heap after
Heap after GC invocations=6 (full 2):
 PSYoungGen      total 87552K, used 224K [0x00000007ae600000, 0x00000007b6c80000, 0x0000000800000000)
  eden space 87040K, 0% used [0x00000007ae600000,0x00000007ae600000,0x00000007b3b00000)
  from space 512K, 43% used [0x00000007b6c00000,0x00000007b6c38000,0x00000007b6c80000)
  to   space 10240K, 0% used [0x00000007b5880000,0x00000007b5880000,0x00000007b6280000)
 ParOldGen       total 2674688K, used 2448613K [0x000000070b200000, 0x00000007ae600000, 0x00000007ae600000)
  object space 2674688K, 91% used [0x000000070b200000,0x00000007a0939658,0x00000007ae600000)
 PSPermGen       total 33280K, used 14579K [0x0000000706000000, 0x0000000708080000, 0x000000070b200000)
  object space 33280K, 43% used [0x0000000706000000,0x0000000706e3cfa0,0x0000000708080000)
}
Event: 25.100 GC heap before
{Heap before GC invocations=7 (full 3):
 PSYoungGen      total 87552K, used 224K [0x00000007ae600000, 0x00000007b6c80000, 0x0000000800000000)
  eden space 87040K, 0% used [0x00000007ae600000,0x00000007ae600000,0x00000007b3b00000)
  from space 512K, 43% used [0x00000007b6c00000,0x00000007b6c38000,0x00000007b6c80000)
  to   space 10240K, 0% used [0x00000007b5880000,0x00000007b5880000,0x00000007b6280000)
 ParOldGen       total 2674688K, used 2448613K [0x000000070b200000, 0x00000007ae600000, 0x00000007ae600000)
  object space 2674688K, 91% used [0x000000070b200000,0x00000007a0939658,0x00000007ae600000)
 PSPermGen       total 33280K, used 14579K [0x0000000706000000, 0x0000000708080000, 0x000000070b200000)
  object space 33280K, 43% used [0x0000000706000000,0x0000000706e3cfa0,0x0000000708080000)
Event: 25.447 GC heap after
Heap after GC invocations=7 (full 3):
 PSYoungGen      total 87552K, used 0K [0x00000007ae600000, 0x00000007b6c80000, 0x0000000800000000)
  eden space 87040K, 0% used [0x00000007ae600000,0x00000007ae600000,0x00000007b3b00000)
  from space 512K, 0% used [0x00000007b6c00000,0x00000007b6c00000,0x00000007b6c80000)
  to   space 10240K, 0% used [0x00000007b5880000,0x00000007b5880000,0x00000007b6280000)
 ParOldGen       total 2674688K, used 2360379K [0x000000070b200000, 0x00000007ae600000, 0x00000007ae600000)
  object space 2674688K, 88% used [0x000000070b200000,0x000000079b30ec98,0x00000007ae600000)
 PSPermGen       total 31744K, used 14579K [0x0000000706000000, 0x0000000707f00000, 0x000000070b200000)
  object space 31744K, 45% used [0x0000000706000000,0x0000000706e3cf80,0x0000000707f00000)
}
Event: 25.731 GC heap before
{Heap before GC invocations=8 (full 3):
 PSYoungGen      total 87552K, used 68019K [0x00000007ae600000, 0x00000007b6c80000, 0x0000000800000000)
  eden space 87040K, 78% used [0x00000007ae600000,0x00000007b286ce10,0x00000007b3b00000)
  from space 512K, 0% used [0x00000007b6c00000,0x00000007b6c00000,0x00000007b6c80000)
  to   space 10240K, 0% used [0x00000007b5880000,0x00000007b5880000,0x00000007b6280000)
 ParOldGen       total 2674688K, used 2360379K [0x000000070b200000, 0x00000007ae600000, 0x00000007ae600000)
  object space 2674688K, 88% used [0x000000070b200000,0x000000079b30ec98,0x00000007ae600000)
 PSPermGen       total 31744K, used 14579K [0x0000000706000000, 0x0000000707f00000, 0x000000070b200000)
  object space 31744K, 45% used [0x0000000706000000,0x0000000706e3cf80,0x0000000707f00000)
Event: 25.754 GC heap after
Heap after GC invocations=8 (full 3):
 PSYoungGen      total 126464K, used 192K [0x00000007ae600000, 0x00000007b7380000, 0x0000000800000000)
  eden space 116224K, 0% used [0x00000007ae600000,0x00000007ae600000,0x00000007b5780000)
  from space 10240K, 1% used [0x00000007b5880000,0x00000007b58b0000,0x00000007b6280000)
  to   space 14336K, 0% used [0x00000007b6580000,0x00000007b6580000,0x00000007b7380000)
 ParOldGen       total 2674688K, used 2513779K [0x000000070b200000, 0x00000007ae600000, 0x00000007ae600000)
  object space 2674688K, 93% used [0x000000070b200000,0x00000007a48dcd58,0x00000007ae600000)
 PSPermGen       total 31744K, used 14579K [0x0000000706000000, 0x0000000707f00000, 0x000000070b200000)
  object space 31744K, 45% used [0x0000000706000000,0x0000000706e3cf80,0x0000000707f00000)
}
Event: 25.754 GC heap before
{Heap before GC invocations=9 (full 4):
 PSYoungGen      total 126464K, used 192K [0x00000007ae600000, 0x00000007b7380000, 0x0000000800000000)
  eden space 116224K, 0% used [0x00000007ae600000,0x00000007ae600000,0x00000007b5780000)
  from space 10240K, 1% used [0x00000007b5880000,0x00000007b58b0000,0x00000007b6280000)
  to   space 14336K, 0% used [0x00000007b6580000,0x00000007b6580000,0x00000007b7380000)
 ParOldGen       total 2674688K, used 2513779K [0x000000070b200000, 0x00000007ae600000, 0x00000007ae600000)
  object space 2674688K, 93% used [0x000000070b200000,0x00000007a48dcd58,0x00000007ae600000)
 PSPermGen       total 31744K, used 14579K [0x0000000706000000, 0x0000000707f00000, 0x000000070b200000)
  object space 31744K, 45% used [0x0000000706000000,0x0000000706e3cf80,0x0000000707f00000)
Event: 25.782 GC heap after
Heap after GC invocations=9 (full 4):
 PSYoungGen      total 126464K, used 0K [0x00000007ae600000, 0x00000007b7380000, 0x0000000800000000)
  eden space 116224K, 0% used [0x00000007ae600000,0x00000007ae600000,0x00000007b5780000)
  from space 10240K, 0% used [0x00000007b5880000,0x00000007b5880000,0x00000007b6280000)
  to   space 14336K, 0% used [0x00000007b6580000,0x00000007b6580000,0x00000007b7380000)
 ParOldGen       total 2674688K, used 2426124K [0x000000070b200000, 0x00000007ae600000, 0x00000007ae600000)
  object space 2674688K, 90% used [0x000000070b200000,0x000000079f343058,0x00000007ae600000)
 PSPermGen       total 30208K, used 14579K [0x0000000706000000, 0x0000000707d80000, 0x000000070b200000)
  object space 30208K, 48% used [0x0000000706000000,0x0000000706e3cf80,0x0000000707d80000)
}

