# JRE version: Java(TM) SE Runtime Environment (8.0_121-b13) (build 1.8.0_121-b13)
# Java VM: Java HotSpot(TM) 64-Bit Server VM (25.121-b13 mixed mode bsd-amd64 compressed oops)
Heap:
 PSYoungGen      total 114688K, used 1215K [0x0000000796580000, 0x000000079f100000, 0x00000007c0000000)
  eden space 100352K, 1% used [0x0000000796580000,0x00000007966aff98,0x000000079c780000)
  from space 14336K, 0% used [0x000000079c780000,0x000000079c780000,0x000000079d580000)
  to   space 14336K, 0% used [0x000000079e300000,0x000000079e300000,0x000000079f100000)
 ParOldGen       total 356864K, used 139513K [0x0000000743000000, 0x0000000758c80000, 0x0000000796580000)
  object space 356864K, 39% used [0x0000000743000000,0x000000074b83e540,0x0000000758c80000)
 Metaspace       used 17019K, capacity 17224K, committed 17536K, reserved 1064960K
  class space    used 2076K, capacity 2171K, committed 2176K, reserved 1048576K
GC Heap History (10 events):
Event: 156.847 GC heap before
{Heap before GC invocations=147 (full 5):
 PSYoungGen      total 105984K, used 105546K [0x0000000796580000, 0x000000079e200000, 0x00000007c0000000)
  eden space 101888K, 100% used [0x0000000796580000,0x000000079c900000,0x000000079c900000)
  from space 4096K, 89% used [0x000000079cb80000,0x000000079cf12818,0x000000079cf80000)
  to   space 12800K, 0% used [0x000000079d580000,0x000000079d580000,0x000000079e200000)
 ParOldGen       total 126464K, used 97247K [0x0000000743000000, 0x000000074ab80000, 0x0000000796580000)
  object space 126464K, 76% used [0x0000000743000000,0x0000000748ef7fe8,0x000000074ab80000)
 Metaspace       used 17019K, capacity 17224K, committed 17536K, reserved 1064960K
  class space    used 2076K, capacity 2171K, committed 2176K, reserved 1048576K
Event: 156.858 GC heap after
Heap after GC invocations=147 (full 5):
 PSYoungGen      total 113152K, used 12140K [0x0000000796580000, 0x000000079f200000, 0x00000007c0000000)
  eden space 100352K, 0% used [0x0000000796580000,0x0000000796580000,0x000000079c780000)
  from space 12800K, 94% used [0x000000079d580000,0x000000079e15b3d8,0x000000079e200000)
  to   space 14336K, 0% used [0x000000079c780000,0x000000079c780000,0x000000079d580000)
 ParOldGen       total 147456K, used 146447K [0x0000000743000000, 0x000000074c000000, 0x0000000796580000)
  object space 147456K, 99% used [0x0000000743000000,0x000000074bf03f00,0x000000074c000000)
 Metaspace       used 17019K, capacity 17224K, committed 17536K, reserved 1064960K
  class space    used 2076K, capacity 2171K, committed 2176K, reserved 1048576K
}
Event: 156.858 GC heap before
{Heap before GC invocations=148 (full 6):
 PSYoungGen      total 113152K, used 12140K [0x0000000796580000, 0x000000079f200000, 0x00000007c0000000)
  eden space 100352K, 0% used [0x0000000796580000,0x0000000796580000,0x000000079c780000)
  from space 12800K, 94% used [0x000000079d580000,0x000000079e15b3d8,0x000000079e200000)
  to   space 14336K, 0% used [0x000000079c780000,0x000000079c780000,0x000000079d580000)
 ParOldGen       total 147456K, used 146447K [0x0000000743000000, 0x000000074c000000, 0x0000000796580000)
  object space 147456K, 99% used [0x0000000743000000,0x000000074bf03f00,0x000000074c000000)
 Metaspace       used 17019K, capacity 17224K, committed 17536K, reserved 1064960K
  class space    used 2076K, capacity 2171K, committed 2176K, reserved 1048576K
Event: 156.876 GC heap after
Heap after GC invocations=148 (full 6):
 PSYoungGen      total 113152K, used 0K [0x0000000796580000, 0x000000079f200000, 0x00000007c0000000)
  eden space 100352K, 0% used [0x0000000796580000,0x0000000796580000,0x000000079c780000)
  from space 12800K, 0% used [0x000000079d580000,0x000000079d580000,0x000000079e200000)
  to   space 14336K, 0% used [0x000000079c780000,0x000000079c780000,0x000000079d580000)
 ParOldGen       total 181248K, used 43626K [0x0000000743000000, 0x000000074e100000, 0x0000000796580000)
  object space 181248K, 24% used [0x0000000743000000,0x0000000745a9a9b8,0x000000074e100000)
 Metaspace       used 17019K, capacity 17224K, committed 17536K, reserved 1064960K
  class space    used 2076K, capacity 2171K, committed 2176K, reserved 1048576K
}
Event: 157.371 GC heap before
{Heap before GC invocations=149 (full 7):
 PSYoungGen      total 113152K, used 100352K [0x0000000796580000, 0x000000079f200000, 0x00000007c0000000)
  eden space 100352K, 100% used [0x0000000796580000,0x000000079c780000,0x000000079c780000)
  from space 12800K, 0% used [0x000000079d580000,0x000000079d580000,0x000000079e200000)
  to   space 14336K, 0% used [0x000000079c780000,0x000000079c780000,0x000000079d580000)
 ParOldGen       total 181248K, used 166017K [0x0000000743000000, 0x000000074e100000, 0x0000000796580000)
  object space 181248K, 91% used [0x0000000743000000,0x000000074d220430,0x000000074e100000)
 Metaspace       used 17019K, capacity 17224K, committed 17536K, reserved 1064960K
  class space    used 2076K, capacity 2171K, committed 2176K, reserved 1048576K
Event: 157.400 GC heap after
Heap after GC invocations=149 (full 7):
 PSYoungGen      total 113152K, used 0K [0x0000000796580000, 0x000000079f200000, 0x00000007c0000000)
  eden space 100352K, 0% used [0x0000000796580000,0x0000000796580000,0x000000079c780000)
  from space 12800K, 0% used [0x000000079d580000,0x000000079d580000,0x000000079e200000)
  to   space 14336K, 0% used [0x000000079c780000,0x000000079c780000,0x000000079d580000)
 ParOldGen       total 269824K, used 110479K [0x0000000743000000, 0x0000000753780000, 0x0000000796580000)
  object space 269824K, 40% used [0x0000000743000000,0x0000000749be3d50,0x0000000753780000)
 Metaspace       used 17019K, capacity 17224K, committed 17536K, reserved 1064960K
  class space    used 2076K, capacity 2171K, committed 2176K, reserved 1048576K
}
Event: 157.727 GC heap before
{Heap before GC invocations=150 (full 7):
 PSYoungGen      total 113152K, used 100352K [0x0000000796580000, 0x000000079f200000, 0x00000007c0000000)
  eden space 100352K, 100% used [0x0000000796580000,0x000000079c780000,0x000000079c780000)
  from space 12800K, 0% used [0x000000079d580000,0x000000079d580000,0x000000079e200000)
  to   space 14336K, 0% used [0x000000079c780000,0x000000079c780000,0x000000079d580000)
 ParOldGen       total 269824K, used 179774K [0x0000000743000000, 0x0000000753780000, 0x0000000796580000)
  object space 269824K, 66% used [0x0000000743000000,0x000000074df8f9a8,0x0000000753780000)
 Metaspace       used 17019K, capacity 17224K, committed 17536K, reserved 1064960K
  class space    used 2076K, capacity 2171K, committed 2176K, reserved 1048576K
Event: 157.833 GC heap after
Heap after GC invocations=150 (full 7):
 PSYoungGen      total 114688K, used 8868K [0x0000000796580000, 0x000000079f100000, 0x00000007c0000000)
  eden space 100352K, 0% used [0x0000000796580000,0x0000000796580000,0x000000079c780000)
  from space 14336K, 61% used [0x000000079c780000,0x000000079d029060,0x000000079d580000)
  to   space 14336K, 0% used [0x000000079e300000,0x000000079e300000,0x000000079f100000)
 ParOldGen       total 295936K, used 291536K [0x0000000743000000, 0x0000000755100000, 0x0000000796580000)
  object space 295936K, 98% used [0x0000000743000000,0x0000000754cb4278,0x0000000755100000)
 Metaspace       used 17019K, capacity 17224K, committed 17536K, reserved 1064960K
  class space    used 2076K, capacity 2171K, committed 2176K, reserved 1048576K
}
Event: 157.833 GC heap before
{Heap before GC invocations=151 (full 8):
 PSYoungGen      total 114688K, used 8868K [0x0000000796580000, 0x000000079f100000, 0x00000007c0000000)
  eden space 100352K, 0% used [0x0000000796580000,0x0000000796580000,0x000000079c780000)
  from space 14336K, 61% used [0x000000079c780000,0x000000079d029060,0x000000079d580000)
  to   space 14336K, 0% used [0x000000079e300000,0x000000079e300000,0x000000079f100000)
 ParOldGen       total 295936K, used 291536K [0x0000000743000000, 0x0000000755100000, 0x0000000796580000)
  object space 295936K, 98% used [0x0000000743000000,0x0000000754cb4278,0x0000000755100000)
 Metaspace       used 17019K, capacity 17224K, committed 17536K, reserved 1064960K
  class space    used 2076K, capacity 2171K, committed 2176K, reserved 1048576K
Event: 157.867 GC heap after
Heap after GC invocations=151 (full 8):
 PSYoungGen      total 114688K, used 0K [0x0000000796580000, 0x000000079f100000, 0x00000007c0000000)
  eden space 100352K, 0% used [0x0000000796580000,0x0000000796580000,0x000000079c780000)
  from space 14336K, 0% used [0x000000079c780000,0x000000079c780000,0x000000079d580000)
  to   space 14336K, 0% used [0x000000079e300000,0x000000079e300000,0x000000079f100000)
 ParOldGen       total 356864K, used 139513K [0x0000000743000000, 0x0000000758c80000, 0x0000000796580000)
  object space 356864K, 39% used [0x0000000743000000,0x000000074b83e540,0x0000000758c80000)
 Metaspace       used 17019K, capacity 17224K, committed 17536K, reserved 1064960K
  class space    used 2076K, capacity 2171K, committed 2176K, reserved 1048576K
}

