# JRE version: Java(TM) SE Runtime Environment (8.0_121-b13) (build 1.8.0_121-b13)
# Java VM: Java HotSpot(TM) 64-Bit Server VM (25.121-b13 mixed mode bsd-amd64 compressed oops)
Heap:
 PSYoungGen      total 30720K, used 4423K [0x000000076ab00000, 0x000000076d480000, 0x00000007c0000000)
  eden space 24064K, 18% used [0x000000076ab00000,0x000000076af51c00,0x000000076c280000)
  from space 6656K, 0% used [0x000000076c900000,0x000000076c900000,0x000000076cf80000)
  to   space 6656K, 0% used [0x000000076c280000,0x000000076c280000,0x000000076c900000)
 ParOldGen       total 41984K, used 4280K [0x00000006c0000000, 0x00000006c2900000, 0x000000076ab00000)
  object space 41984K, 10% used [0x00000006c0000000,0x00000006c042e0b8,0x00000006c2900000)
 Metaspace       used 11279K, capacity 11448K, committed 11776K, reserved 1058816K
  class space    used 1322K, capacity 1407K, committed 1536K, reserved 1048576K
GC Heap History (10 events):
Event: 12302.181 GC heap before
{Heap before GC invocations=68795 (full 34):
 PSYoungGen      total 30720K, used 30141K [0x000000076ab00000, 0x000000076cf80000, 0x00000007c0000000)
  eden space 24064K, 99% used [0x000000076ab00000,0x000000076c26ab18,0x000000076c280000)
  from space 6656K, 92% used [0x000000076c900000,0x000000076cf049c0,0x000000076cf80000)
  to   space 6656K, 0% used [0x000000076c280000,0x000000076c280000,0x000000076c900000)
 ParOldGen       total 36352K, used 18917K [0x00000006c0000000, 0x00000006c2380000, 0x000000076ab00000)
  object space 36352K, 52% used [0x00000006c0000000,0x00000006c1279760,0x00000006c2380000)
 Metaspace       used 11273K, capacity 11448K, committed 11776K, reserved 1058816K
  class space    used 1320K, capacity 1407K, committed 1536K, reserved 1048576K
Event: 12302.184 GC heap after
Heap after GC invocations=68795 (full 34):
 PSYoungGen      total 30720K, used 6066K [0x000000076ab00000, 0x000000076cf80000, 0x00000007c0000000)
  eden space 24064K, 0% used [0x000000076ab00000,0x000000076ab00000,0x000000076c280000)
  from space 6656K, 91% used [0x000000076c280000,0x000000076c86c9c0,0x000000076c900000)
  to   space 6656K, 0% used [0x000000076c900000,0x000000076c900000,0x000000076cf80000)
 ParOldGen       total 36352K, used 18925K [0x00000006c0000000, 0x00000006c2380000, 0x000000076ab00000)
  object space 36352K, 52% used [0x00000006c0000000,0x00000006c127b760,0x00000006c2380000)
 Metaspace       used 11273K, capacity 11448K, committed 11776K, reserved 1058816K
  class space    used 1320K, capacity 1407K, committed 1536K, reserved 1048576K
}
Event: 12302.363 GC heap before
{Heap before GC invocations=68796 (full 34):
 PSYoungGen      total 30720K, used 30045K [0x000000076ab00000, 0x000000076cf80000, 0x00000007c0000000)
  eden space 24064K, 99% used [0x000000076ab00000,0x000000076c26ab20,0x000000076c280000)
  from space 6656K, 91% used [0x000000076c280000,0x000000076c86c9c0,0x000000076c900000)
  to   space 6656K, 0% used [0x000000076c900000,0x000000076c900000,0x000000076cf80000)
 ParOldGen       total 36352K, used 18925K [0x00000006c0000000, 0x00000006c2380000, 0x000000076ab00000)
  object space 36352K, 52% used [0x00000006c0000000,0x00000006c127b760,0x00000006c2380000)
 Metaspace       used 11273K, capacity 11448K, committed 11776K, reserved 1058816K
  class space    used 1320K, capacity 1407K, committed 1536K, reserved 1048576K
Event: 12302.365 GC heap after
Heap after GC invocations=68796 (full 34):
 PSYoungGen      total 30720K, used 5082K [0x000000076ab00000, 0x000000076cf80000, 0x00000007c0000000)
  eden space 24064K, 0% used [0x000000076ab00000,0x000000076ab00000,0x000000076c280000)
  from space 6656K, 76% used [0x000000076c900000,0x000000076cdf6820,0x000000076cf80000)
  to   space 6656K, 0% used [0x000000076c280000,0x000000076c280000,0x000000076c900000)
 ParOldGen       total 36352K, used 18941K [0x00000006c0000000, 0x00000006c2380000, 0x000000076ab00000)
  object space 36352K, 52% used [0x00000006c0000000,0x00000006c127f760,0x00000006c2380000)
 Metaspace       used 11273K, capacity 11448K, committed 11776K, reserved 1058816K
  class space    used 1320K, capacity 1407K, committed 1536K, reserved 1048576K
}
Event: 12302.531 GC heap before
{Heap before GC invocations=68797 (full 34):
 PSYoungGen      total 30720K, used 29060K [0x000000076ab00000, 0x000000076cf80000, 0x00000007c0000000)
  eden space 24064K, 99% used [0x000000076ab00000,0x000000076c26ab20,0x000000076c280000)
  from space 6656K, 76% used [0x000000076c900000,0x000000076cdf6820,0x000000076cf80000)
  to   space 6656K, 0% used [0x000000076c280000,0x000000076c280000,0x000000076c900000)
 ParOldGen       total 36352K, used 18941K [0x00000006c0000000, 0x00000006c2380000, 0x000000076ab00000)
  object space 36352K, 52% used [0x00000006c0000000,0x00000006c127f760,0x00000006c2380000)
 Metaspace       used 11273K, capacity 11448K, committed 11776K, reserved 1058816K
  class space    used 1320K, capacity 1407K, committed 1536K, reserved 1048576K
Event: 12302.533 GC heap after
Heap after GC invocations=68797 (full 34):
 PSYoungGen      total 30720K, used 6130K [0x000000076ab00000, 0x000000076cf80000, 0x00000007c0000000)
  eden space 24064K, 0% used [0x000000076ab00000,0x000000076ab00000,0x000000076c280000)
  from space 6656K, 92% used [0x000000076c280000,0x000000076c87c9c0,0x000000076c900000)
  to   space 6656K, 0% used [0x000000076c900000,0x000000076c900000,0x000000076cf80000)
 ParOldGen       total 36352K, used 18957K [0x00000006c0000000, 0x00000006c2380000, 0x000000076ab00000)
  object space 36352K, 52% used [0x00000006c0000000,0x00000006c1283760,0x00000006c2380000)
 Metaspace       used 11273K, capacity 11448K, committed 11776K, reserved 1058816K
  class space    used 1320K, capacity 1407K, committed 1536K, reserved 1048576K
}
Event: 12302.673 GC heap before
{Heap before GC invocations=68798 (full 34):
 PSYoungGen      total 30720K, used 29285K [0x000000076ab00000, 0x000000076cf80000, 0x00000007c0000000)
  eden space 24064K, 96% used [0x000000076ab00000,0x000000076c19ce08,0x000000076c280000)
  from space 6656K, 92% used [0x000000076c280000,0x000000076c87c9c0,0x000000076c900000)
  to   space 6656K, 0% used [0x000000076c900000,0x000000076c900000,0x000000076cf80000)
 ParOldGen       total 36352K, used 20911K [0x00000006c0000000, 0x00000006c2380000, 0x000000076ab00000)
  object space 36352K, 57% used [0x00000006c0000000,0x00000006c146bc00,0x00000006c2380000)
 Metaspace       used 11279K, capacity 11448K, committed 11776K, reserved 1058816K
  class space    used 1322K, capacity 1407K, committed 1536K, reserved 1048576K
Event: 12302.675 GC heap after
Heap after GC invocations=68798 (full 34):
 PSYoungGen      total 30720K, used 6155K [0x000000076ab00000, 0x000000076d480000, 0x00000007c0000000)
  eden space 24064K, 0% used [0x000000076ab00000,0x000000076ab00000,0x000000076c280000)
  from space 6656K, 92% used [0x000000076c900000,0x000000076cf02d00,0x000000076cf80000)
  to   space 6656K, 0% used [0x000000076c280000,0x000000076c280000,0x000000076c900000)
 ParOldGen       total 36352K, used 31676K [0x00000006c0000000, 0x00000006c2380000, 0x000000076ab00000)
  object space 36352K, 87% used [0x00000006c0000000,0x00000006c1eef3b0,0x00000006c2380000)
 Metaspace       used 11279K, capacity 11448K, committed 11776K, reserved 1058816K
  class space    used 1322K, capacity 1407K, committed 1536K, reserved 1048576K
}
Event: 12303.183 GC heap before
{Heap before GC invocations=68799 (full 35):
 PSYoungGen      total 30720K, used 30219K [0x000000076ab00000, 0x000000076d480000, 0x00000007c0000000)
  eden space 24064K, 100% used [0x000000076ab00000,0x000000076c280000,0x000000076c280000)
  from space 6656K, 92% used [0x000000076c900000,0x000000076cf02d00,0x000000076cf80000)
  to   space 6656K, 0% used [0x000000076c280000,0x000000076c280000,0x000000076c900000)
 ParOldGen       total 54784K, used 54335K [0x00000006c0000000, 0x00000006c3580000, 0x000000076ab00000)
  object space 54784K, 99% used [0x00000006c0000000,0x00000006c350fd08,0x00000006c3580000)
 Metaspace       used 11279K, capacity 11448K, committed 11776K, reserved 1058816K
  class space    used 1322K, capacity 1407K, committed 1536K, reserved 1048576K
Event: 12303.195 GC heap after
Heap after GC invocations=68799 (full 35):
 PSYoungGen      total 30720K, used 0K [0x000000076ab00000, 0x000000076d480000, 0x00000007c0000000)
  eden space 24064K, 0% used [0x000000076ab00000,0x000000076ab00000,0x000000076c280000)
  from space 6656K, 0% used [0x000000076c900000,0x000000076c900000,0x000000076cf80000)
  to   space 6656K, 0% used [0x000000076c280000,0x000000076c280000,0x000000076c900000)
 ParOldGen       total 41984K, used 4280K [0x00000006c0000000, 0x00000006c2900000, 0x000000076ab00000)
  object space 41984K, 10% used [0x00000006c0000000,0x00000006c042e0b8,0x00000006c2900000)
 Metaspace       used 11279K, capacity 11448K, committed 11776K, reserved 1058816K
  class space    used 1322K, capacity 1407K, committed 1536K, reserved 1048576K
}

