# JRE version: Java(TM) SE Runtime Environment (8.0_121-b13) (build 1.8.0_121-b13)
# Java VM: Java HotSpot(TM) 64-Bit Server VM (25.121-b13 mixed mode bsd-amd64 compressed oops)
Heap:
 PSYoungGen      total 27648K, used 19405K [0x000000076ab00000, 0x000000076c700000, 0x00000007c0000000)
  eden space 26624K, 72% used [0x000000076ab00000,0x000000076bdf3570,0x000000076c500000)
  from space 1024K, 0% used [0x000000076c600000,0x000000076c600000,0x000000076c700000)
  to   space 1024K, 0% used [0x000000076c500000,0x000000076c500000,0x000000076c600000)
 ParOldGen       total 47616K, used 4044K [0x00000006c0000000, 0x00000006c2e80000, 0x000000076ab00000)
  object space 47616K, 8% used [0x00000006c0000000,0x00000006c03f3248,0x00000006c2e80000)
 Metaspace       used 11448K, capacity 11632K, committed 11776K, reserved 1058816K
  class space    used 1327K, capacity 1407K, committed 1536K, reserved 1048576K
GC Heap History (10 events):
Event: 23274.098 GC heap before
{Heap before GC invocations=84425 (full 42):
 PSYoungGen      total 27648K, used 27199K [0x000000076ab00000, 0x000000076c700000, 0x00000007c0000000)
  eden space 26624K, 100% used [0x000000076ab00000,0x000000076c500000,0x000000076c500000)
  from space 1024K, 56% used [0x000000076c600000,0x000000076c68fe70,0x000000076c700000)
  to   space 1024K, 0% used [0x000000076c500000,0x000000076c500000,0x000000076c600000)
 ParOldGen       total 50176K, used 50077K [0x00000006c0000000, 0x00000006c3100000, 0x000000076ab00000)
  object space 50176K, 99% used [0x00000006c0000000,0x00000006c30e76e8,0x00000006c3100000)
 Metaspace       used 11448K, capacity 11632K, committed 11776K, reserved 1058816K
  class space    used 1327K, capacity 1407K, committed 1536K, reserved 1048576K
Event: 23274.100 GC heap after
Heap after GC invocations=84425 (full 42):
 PSYoungGen      total 27648K, used 575K [0x000000076ab00000, 0x000000076c700000, 0x00000007c0000000)
  eden space 26624K, 0% used [0x000000076ab00000,0x000000076ab00000,0x000000076c500000)
  from space 1024K, 56% used [0x000000076c500000,0x000000076c58fe70,0x000000076c600000)
  to   space 1024K, 0% used [0x000000076c600000,0x000000076c600000,0x000000076c700000)
 ParOldGen       total 50176K, used 50101K [0x00000006c0000000, 0x00000006c3100000, 0x000000076ab00000)
  object space 50176K, 99% used [0x00000006c0000000,0x00000006c30ed6e8,0x00000006c3100000)
 Metaspace       used 11448K, capacity 11632K, committed 11776K, reserved 1058816K
  class space    used 1327K, capacity 1407K, committed 1536K, reserved 1048576K
}
Event: 23274.373 GC heap before
{Heap before GC invocations=84426 (full 42):
 PSYoungGen      total 27648K, used 27199K [0x000000076ab00000, 0x000000076c700000, 0x00000007c0000000)
  eden space 26624K, 100% used [0x000000076ab00000,0x000000076c500000,0x000000076c500000)
  from space 1024K, 56% used [0x000000076c500000,0x000000076c58fe70,0x000000076c600000)
  to   space 1024K, 0% used [0x000000076c600000,0x000000076c600000,0x000000076c700000)
 ParOldGen       total 50176K, used 50101K [0x00000006c0000000, 0x00000006c3100000, 0x000000076ab00000)
  object space 50176K, 99% used [0x00000006c0000000,0x00000006c30ed6e8,0x00000006c3100000)
 Metaspace       used 11448K, capacity 11632K, committed 11776K, reserved 1058816K
  class space    used 1327K, capacity 1407K, committed 1536K, reserved 1048576K
Event: 23274.374 GC heap after
Heap after GC invocations=84426 (full 42):
 PSYoungGen      total 27648K, used 575K [0x000000076ab00000, 0x000000076c700000, 0x00000007c0000000)
  eden space 26624K, 0% used [0x000000076ab00000,0x000000076ab00000,0x000000076c500000)
  from space 1024K, 56% used [0x000000076c600000,0x000000076c68fe70,0x000000076c700000)
  to   space 1024K, 0% used [0x000000076c500000,0x000000076c500000,0x000000076c600000)
 ParOldGen       total 50176K, used 50109K [0x00000006c0000000, 0x00000006c3100000, 0x000000076ab00000)
  object space 50176K, 99% used [0x00000006c0000000,0x00000006c30ef6e8,0x00000006c3100000)
 Metaspace       used 11448K, capacity 11632K, committed 11776K, reserved 1058816K
  class space    used 1327K, capacity 1407K, committed 1536K, reserved 1048576K
}
Event: 23274.642 GC heap before
{Heap before GC invocations=84427 (full 42):
 PSYoungGen      total 27648K, used 27199K [0x000000076ab00000, 0x000000076c700000, 0x00000007c0000000)
  eden space 26624K, 100% used [0x000000076ab00000,0x000000076c500000,0x000000076c500000)
  from space 1024K, 56% used [0x000000076c600000,0x000000076c68fe70,0x000000076c700000)
  to   space 1024K, 0% used [0x000000076c500000,0x000000076c500000,0x000000076c600000)
 ParOldGen       total 50176K, used 50109K [0x00000006c0000000, 0x00000006c3100000, 0x000000076ab00000)
  object space 50176K, 99% used [0x00000006c0000000,0x00000006c30ef6e8,0x00000006c3100000)
 Metaspace       used 11448K, capacity 11632K, committed 11776K, reserved 1058816K
  class space    used 1327K, capacity 1407K, committed 1536K, reserved 1048576K
Event: 23274.645 GC heap after
Heap after GC invocations=84427 (full 42):
 PSYoungGen      total 27648K, used 394K [0x000000076ab00000, 0x000000076c700000, 0x00000007c0000000)
  eden space 26624K, 0% used [0x000000076ab00000,0x000000076ab00000,0x000000076c500000)
  from space 1024K, 38% used [0x000000076c500000,0x000000076c5629a0,0x000000076c600000)
  to   space 1024K, 0% used [0x000000076c600000,0x000000076c600000,0x000000076c700000)
 ParOldGen       total 50176K, used 50117K [0x00000006c0000000, 0x00000006c3100000, 0x000000076ab00000)
  object space 50176K, 99% used [0x00000006c0000000,0x00000006c30f16e8,0x00000006c3100000)
 Metaspace       used 11448K, capacity 11632K, committed 11776K, reserved 1058816K
  class space    used 1327K, capacity 1407K, committed 1536K, reserved 1048576K
}
Event: 23274.913 GC heap before
{Heap before GC invocations=84428 (full 42):
 PSYoungGen      total 27648K, used 27018K [0x000000076ab00000, 0x000000076c700000, 0x00000007c0000000)
  eden space 26624K, 100% used [0x000000076ab00000,0x000000076c500000,0x000000076c500000)
  from space 1024K, 38% used [0x000000076c500000,0x000000076c5629a0,0x000000076c600000)
  to   space 1024K, 0% used [0x000000076c600000,0x000000076c600000,0x000000076c700000)
 ParOldGen       total 50176K, used 50117K [0x00000006c0000000, 0x00000006c3100000, 0x000000076ab00000)
  object space 50176K, 99% used [0x00000006c0000000,0x00000006c30f16e8,0x00000006c3100000)
 Metaspace       used 11448K, capacity 11632K, committed 11776K, reserved 1058816K
  class space    used 1327K, capacity 1407K, committed 1536K, reserved 1048576K
Event: 23274.914 GC heap after
Heap after GC invocations=84428 (full 42):
 PSYoungGen      total 27648K, used 575K [0x000000076ab00000, 0x000000076c700000, 0x00000007c0000000)
  eden space 26624K, 0% used [0x000000076ab00000,0x000000076ab00000,0x000000076c500000)
  from space 1024K, 56% used [0x000000076c600000,0x000000076c68fe70,0x000000076c700000)
  to   space 1024K, 0% used [0x000000076c500000,0x000000076c500000,0x000000076c600000)
 ParOldGen       total 50176K, used 50141K [0x00000006c0000000, 0x00000006c3100000, 0x000000076ab00000)
  object space 50176K, 99% used [0x00000006c0000000,0x00000006c30f76e8,0x00000006c3100000)
 Metaspace       used 11448K, capacity 11632K, committed 11776K, reserved 1058816K
  class space    used 1327K, capacity 1407K, committed 1536K, reserved 1048576K
}
Event: 23274.914 GC heap before
{Heap before GC invocations=84429 (full 43):
 PSYoungGen      total 27648K, used 575K [0x000000076ab00000, 0x000000076c700000, 0x00000007c0000000)
  eden space 26624K, 0% used [0x000000076ab00000,0x000000076ab00000,0x000000076c500000)
  from space 1024K, 56% used [0x000000076c600000,0x000000076c68fe70,0x000000076c700000)
  to   space 1024K, 0% used [0x000000076c500000,0x000000076c500000,0x000000076c600000)
 ParOldGen       total 50176K, used 50141K [0x00000006c0000000, 0x00000006c3100000, 0x000000076ab00000)
  object space 50176K, 99% used [0x00000006c0000000,0x00000006c30f76e8,0x00000006c3100000)
 Metaspace       used 11448K, capacity 11632K, committed 11776K, reserved 1058816K
  class space    used 1327K, capacity 1407K, committed 1536K, reserved 1048576K
Event: 23274.929 GC heap after
Heap after GC invocations=84429 (full 43):
 PSYoungGen      total 27648K, used 0K [0x000000076ab00000, 0x000000076c700000, 0x00000007c0000000)
  eden space 26624K, 0% used [0x000000076ab00000,0x000000076ab00000,0x000000076c500000)
  from space 1024K, 0% used [0x000000076c600000,0x000000076c600000,0x000000076c700000)
  to   space 1024K, 0% used [0x000000076c500000,0x000000076c500000,0x000000076c600000)
 ParOldGen       total 47616K, used 4044K [0x00000006c0000000, 0x00000006c2e80000, 0x000000076ab00000)
  object space 47616K, 8% used [0x00000006c0000000,0x00000006c03f3248,0x00000006c2e80000)
 Metaspace       used 11448K, capacity 11632K, committed 11776K, reserved 1058816K
  class space    used 1327K, capacity 1407K, committed 1536K, reserved 1048576K
}

